nvprof --metrics dram_write_throughput ./bin/test_pr_10.0_x86_64 market /home/tzhao713/pldi20/v100/grock/dataset/large/delaunay_n20/delaunay_n20.mtx --quick --iteration-num=1 --pull=1 --device=0 --jsondir=./eval/ubuntu14.04_K40cx1 > ./eval/ubuntu14.04_K40cx1/delaunay_n20.undir.unnormalized.nocompensate.32bit_Value.32bit_VertexId.DEF.txt
./bin/test_pr_10.0_x86_64: unrecognized option '--iteration-num=1'
==1560== NVPROF is profiling process 1560, command: ./bin/test_pr_10.0_x86_64 market /home/tzhao713/pldi20/v100/grock/dataset/large/delaunay_n20/delaunay_n20.mtx --quick --iteration-num=1 --pull=1 --device=0 --jsondir=./eval/ubuntu14.04_K40cx1
==1560== Profiling application: ./bin/test_pr_10.0_x86_64 market /home/tzhao713/pldi20/v100/grock/dataset/large/delaunay_n20/delaunay_n20.mtx --quick --iteration-num=1 --pull=1 --device=0 --jsondir=./eval/ubuntu14.04_K40cx1
==1560== Profiling result:
==1560== Metric result:
Invocations                               Metric Name                        Metric Description         Min         Max         Avg
Device "Tesla V100-SXM2-16GB (0)"
    Kernel: void cub::RadixSortScanBinsKernel<cub::DeviceRadixSortPolicy<double, unsigned int, unsigned int>::Policy700, unsigned int>(unsigned int*, int)
         10                     dram_write_throughput            Device Memory Write Throughput  5.3229GB/s  7.6604GB/s  6.4628GB/s
    Kernel: _ZN7gunrock5oprtr13ForAll_KernelINS_4util7Array1DIjjLj0ELj0EEEjZNS_3app2pr7ProblemINS5_9TestGraphIjjdLj1536ELj0EEEdLj0EE9DataSlice4InitERS9_jiijjEUlPjRKjE_EEvT_T1_T0_
          1                     dram_write_throughput            Device Memory Write Throughput  364.22GB/s  364.22GB/s  364.22GB/s
    Kernel: _ZN7gunrock5oprtr2BP6KernelILj1EjjjZNS_3app2pr15PRIterationLoopINS4_7EnactorINS4_7ProblemINS3_9TestGraphIjjdLj1536ELj0EEEdLj0EEELj0ELj0EEEE4CoreEiEUlRKjRjSE_SE_SE_SF_E_EEvbT2_PKT0_SH_PT1_NS_4util15CtaWorkProgressISH_EET3_
          6                     dram_write_throughput            Device Memory Write Throughput  159.68GB/s  169.18GB/s  166.22GB/s
    Kernel: _ZN7gunrock5oprtr14ForEach_KernelINS_4util7Array1DIjdLj0ELj0EEEjZNS_3app2pr7ProblemINS5_9TestGraphIjjdLj1536ELj0EEEdLj0EE9DataSlice5ResetEjEUlRdE_EEvT_T1_T0_
          1                     dram_write_throughput            Device Memory Write Throughput  501.83GB/s  501.83GB/s  501.83GB/s
    Kernel: _ZN7gunrock5oprtr2AE6KernelILj33554449ENS_5graph3CscIjjdLj512ELj0ELb1EEEjjZNS0_14neighborreduce6LaunchILj33554449ES5_NS_4util7Array1DIjjLj0ELj0EEESA_NS0_15OprtrParametersINS_3app9TestGraphIjjdLj1536ELj0EEENSC_8FrontierIjjLj0ELj0EEEjEEZNSC_2pr15PRIterationLoopINSI_7EnactorINSI_7ProblemISE_dLj0EEELj0ELj0EEEE4CoreEiEUlRKjRjSQ_SQ_SQ_SR_E0_ZNSO_4CoreEiEUlRKdSU_E_EE9cudaErrorRKT0_PT1_PT2_RT3_T4_T5_NS14_6ValueTEEUlSQ_SR_SQ_SQ_SQ_SR_E_EEvbNSX_7VertexTESX_S13_PNSX_6ValueTENS8_15CtaWorkProgressINSX_5SizeTEEES14_
          7                     dram_write_throughput            Device Memory Write Throughput  115.73GB/s  116.46GB/s  116.05GB/s
    Kernel: _ZN7gunrock4util6reduce17SegReduce_GKernelIddjZNS_3app2pr15PRIterationLoopINS4_7EnactorINS4_7ProblemINS3_9TestGraphIjjdLj1536ELj0EEEdLj0EEELj0ELj0EEEE4CoreEiEUlRKdSE_E_EEvPT_PT0_T1_PSK_T2_SI_SL_SL_
          7                     dram_write_throughput            Device Memory Write Throughput  0.00000B/s  29.578MB/s  20.621MB/s
    Kernel: _ZN7gunrock5oprtr13ForAll_KernelINS_4util7Array1DIjdLj0ELj0EEENS3_IjjLj0ELj0EEEjZNS_3app2pr7ProblemINS6_9TestGraphIjjdLj1536ELj0EEEdLj0EE9DataSlice5ResetEjEUlPdPjRKjE_EEvT_T0_T2_T1_
          1                     dram_write_throughput            Device Memory Write Throughput  347.70GB/s  347.70GB/s  347.70GB/s
    Kernel: _ZN7gunrock5oprtr13ForAll_KernelINS_4util7Array1DIjdLj0ELj0EEEjZNS0_14neighborreduce6LaunchILj33554449ENS_5graph3CscIjjdLj512ELj0ELb1EEENS3_IjjLj0ELj0EEESA_NS0_15OprtrParametersINS_3app9TestGraphIjjdLj1536ELj0EEENSC_8FrontierIjjLj0ELj0EEEjEEZNSC_2pr15PRIterationLoopINSI_7EnactorINSI_7ProblemISE_dLj0EEELj0ELj0EEEE4CoreEiEUlRKjRjSQ_SQ_SQ_SR_E0_ZNSO_4CoreEiEUlRKdSU_E_EE9cudaErrorRKT0_PT1_PT2_RT3_T4_T5_NS14_6ValueTEEUlPdSQ_E0_EEvT_S10_SX_
          7                     dram_write_throughput            Device Memory Write Throughput  237.58GB/s  248.01GB/s  243.67GB/s
    Kernel: _ZN7gunrock4util6reduce16SegReduce_KernelIddjZNS_3app2pr15PRIterationLoopINS4_7EnactorINS4_7ProblemINS3_9TestGraphIjjdLj1536ELj0EEEdLj0EEELj0ELj0EEEE4CoreEiEUlRKdSE_E_EEvPT_PT0_T1_PSK_T2_SI_SL_SL_
          7                     dram_write_throughput            Device Memory Write Throughput  73.508GB/s  75.025GB/s  74.556GB/s
    Kernel: _ZN7gunrock5oprtr13ForAll_KernelINS_4util7Array1DIjdLj0ELj0EEEjZNS2_15SegmentedReduceIddjZNS_3app2pr15PRIterationLoopINS7_7EnactorINS7_7ProblemINS6_9TestGraphIjjdLj1536ELj0EEEdLj0EEELj0ELj0EEEE4CoreEiEUlRKdSH_E_EE9cudaErrorRNS3_ImcLj0ELj0EEERNS3_IT1_T_Lj0ELj0EEERNS3_ISM_T0_Lj0ELj0EEESM_RNS3_ISM_SM_Lj0ELj0EEET2_SQ_P11CUstream_stbjEUlPdRKjE_EEvSN_SM_SQ_
          7                     dram_write_throughput            Device Memory Write Throughput  187.61MB/s  431.85MB/s  263.99MB/s
    Kernel: void cub::DeviceRadixSortUpsweepKernel<cub::DeviceRadixSortPolicy<double, unsigned int, unsigned int>::Policy700, bool=0, bool=1, double, unsigned int>(cub::DeviceRadixSortPolicy<double, unsigned int, unsigned int>::Policy700 const *, bool=0*, cub::DeviceRadixSortPolicy<double, unsigned int, unsigned int>::Policy700 const *, int, int, cub::GridEvenShare<cub::DeviceRadixSortPolicy<double, unsigned int, unsigned int>::Policy700 const *>)
          4                     dram_write_throughput            Device Memory Write Throughput  61.548GB/s  77.028GB/s  67.936GB/s
    Kernel: void cub::DeviceRadixSortUpsweepKernel<cub::DeviceRadixSortPolicy<double, unsigned int, unsigned int>::Policy700, bool=1, bool=1, double, unsigned int>(cub::DeviceRadixSortPolicy<double, unsigned int, unsigned int>::Policy700 const *, bool=1*, cub::DeviceRadixSortPolicy<double, unsigned int, unsigned int>::Policy700 const *, int, int, cub::GridEvenShare<cub::DeviceRadixSortPolicy<double, unsigned int, unsigned int>::Policy700 const *>)
          6                     dram_write_throughput            Device Memory Write Throughput  82.251GB/s  91.352GB/s  85.381GB/s
    Kernel: _ZN7gunrock5oprtr13ForAll_KernelINS_4util7Array1DIjjLj0ELj0EEEjZNS_3app2pr7ProblemINS5_9TestGraphIjjdLj1536ELj0EEEdLj0EE9DataSlice4InitERS9_jiijjEUlPjRKjE1_EEvT_T1_T0_
          1                     dram_write_throughput            Device Memory Write Throughput  27.821GB/s  27.821GB/s  27.821GB/s
    Kernel: void cub::DeviceRadixSortDownsweepKernel<cub::DeviceRadixSortPolicy<double, unsigned int, unsigned int>::Policy700, bool=0, bool=1, double, unsigned int, unsigned int>(cub::DeviceRadixSortPolicy<double, unsigned int, unsigned int>::Policy700 const *, cub::DeviceRadixSortDownsweepKernel<cub::DeviceRadixSortPolicy<double, unsigned int, unsigned int>::Policy700, bool=0, bool=1, double, unsigned int, unsigned int>*, bool=0 const *, cub::DeviceRadixSortDownsweepKernel<cub::DeviceRadixSortPolicy<double, unsigned int, unsigned int>::Policy700, bool=0, bool=1, double, unsigned int, unsigned int>**, bool=1*, cub::DeviceRadixSortDownsweepKernel<cub::DeviceRadixSortPolicy<double, unsigned int, unsigned int>::Policy700, bool=0, bool=1, double, unsigned int, unsigned int>**, int, int, cub::GridEvenShare<cub::DeviceRadixSortDownsweepKernel<cub::DeviceRadixSortPolicy<double, unsigned int, unsigned int>::Policy700, bool=0, bool=1, double, unsigned int, unsigned int>**>)
          4                     dram_write_throughput            Device Memory Write Throughput  139.90GB/s  287.16GB/s  170.06GB/s
    Kernel: _ZN7gunrock5oprtr14ForEach_KernelINS_4util7Array1DIjjLj0ELj0EEEjZNS_3app2pr7ProblemINS5_9TestGraphIjjdLj1536ELj0EEEdLj0EE9DataSlice4InitERS9_jiijjEUlRjE_EEvT_T1_T0_
          1                     dram_write_throughput            Device Memory Write Throughput  576.07GB/s  576.07GB/s  576.07GB/s
    Kernel: void cub::DeviceRadixSortDownsweepKernel<cub::DeviceRadixSortPolicy<double, unsigned int, unsigned int>::Policy700, bool=1, bool=1, double, unsigned int, unsigned int>(cub::DeviceRadixSortPolicy<double, unsigned int, unsigned int>::Policy700 const *, cub::DeviceRadixSortDownsweepKernel<cub::DeviceRadixSortPolicy<double, unsigned int, unsigned int>::Policy700, bool=1, bool=1, double, unsigned int, unsigned int>*, bool=1 const *, cub::DeviceRadixSortDownsweepKernel<cub::DeviceRadixSortPolicy<double, unsigned int, unsigned int>::Policy700, bool=1, bool=1, double, unsigned int, unsigned int>**, bool=1*, cub::DeviceRadixSortDownsweepKernel<cub::DeviceRadixSortPolicy<double, unsigned int, unsigned int>::Policy700, bool=1, bool=1, double, unsigned int, unsigned int>**, int, int, cub::GridEvenShare<cub::DeviceRadixSortDownsweepKernel<cub::DeviceRadixSortPolicy<double, unsigned int, unsigned int>::Policy700, bool=1, bool=1, double, unsigned int, unsigned int>**>)
          6                     dram_write_throughput            Device Memory Write Throughput  210.42GB/s  304.40GB/s  251.38GB/s
    Kernel: _ZN7gunrock5oprtr13ForAll_KernelINS_4util7Array1DIjjLj0ELj0EEEjZNS_3app2pr7EnactorINS6_7ProblemINS5_9TestGraphIjjdLj1536ELj0EEEdLj0EEELj0ELj0EE7ExtractEvEUlPjRKjE0_EEvT_T1_T0_
          1                     dram_write_throughput            Device Memory Write Throughput  206.79GB/s  206.79GB/s  206.79GB/s
    Kernel: _ZN7gunrock5oprtr13ForAll_KernelINS_4util7Array1DIjjLj0ELj0EEEjZNS_3app2pr7EnactorINS6_7ProblemINS5_9TestGraphIjjdLj1536ELj0EEEdLj0EEELj0ELj0EE7ExtractEvEUlPjRKjE1_EEvT_T1_T0_
          1                     dram_write_throughput            Device Memory Write Throughput  415.44GB/s  415.44GB/s  415.44GB/s
    Kernel: _ZN7gunrock5oprtr13ForAll_KernelINS_4util7Array1DIjjLj0ELj0EEEjZNS_3app2pr7EnactorINS6_7ProblemINS5_9TestGraphIjjdLj1536ELj0EEEdLj0EEELj0ELj0EE7ExtractEvEUlPjRKjE2_EEvT_T1_T0_
          1                     dram_write_throughput            Device Memory Write Throughput  311.11GB/s  311.11GB/s  311.11GB/s
