{
    "engine": "Gunrock",
    "command-line": "./bin/test_pr_10.0_x86_64 market /home/tzhao713/pldi20/v100/grock/dataset/large/delaunay_n20/delaunay_n20.mtx --quick --iteration-num=1 --pull=1 --device=0 --jsondir=./eval/ubuntu14.04_K40cx1",
    "json-schema": "2019-09-20",
    "compiler": "Gnu GCC C/C++",
    "compiler-version": 60300000,
    "time": "Wed Oct 30 19:45:26 2019\n",
    "gunrock-version": "1.1.0",
    "git-commit-sha": "19af21cf8ae50457c4770f2226b1ecd57265cfe0",
    "load-time": 440.4679870605469,
    "primitive": "pr",
    "64bit-SizeT": false,
    "64bit-ValueT": true,
    "64bit-VertexT": false,
    "advance-mode": "LB",
    "binary-prefix": "",
    "communicate-latency": 0,
    "communicate-multipy": 1.0,
    "compensate": true,
    "dataset": "delaunay_n20",
    "delta": 0.85,
    "device": 0,
    "edge-value-min": 0.0,
    "edge-value-range": 64.0,
    "edge-value-seed": 0,
    "expand-latency": 0,
    "filter-mode": "CULL",
    "fullqueue-latency": 0,
    "graph-edgefactor": 48.0,
    "graph-edges": 49152,
    "graph-file": "/home/tzhao713/pldi20/v100/grock/dataset/large/delaunay_n20/delaunay_n20.mtx",
    "graph-nodes": 1024,
    "graph-scale": 10,
    "graph-seed": 0,
    "graph-type": "market",
    "grmat": false,
    "help": false,
    "json": false,
    "jsondir": "./eval/ubuntu14.04_K40cx1",
    "jsonfile": "",
    "load-time": 440.4679870605469,
    "makeout-latency": 0,
    "max-grid-size": 0,
    "max-iter": 50,
    "normalize": true,
    "num-runs": 1,
    "output-filename": "",
    "partition-factor": 0.5,
    "partition-method": "random",
    "partition-seed": 0,
    "preprocess-time": 0.0,
    "pull": true,
    "queue-factor": 6.0,
    "quick": true,
    "quiet": false,
    "random-edge-values": false,
    "read-from-binary": true,
    "remove-duplicate-edges": true,
    "remove-self-loops": true,
    "rgg-thfactor": 0.55,
    "rgg-threshold": 0.0,
    "rmat-a": 0.57,
    "rmat-b": 0.19,
    "rmat-c": 0.19,
    "rmat-d": 0.05,
    "scale": false,
    "size-check": true,
    "small-world-k": 6,
    "small-world-p": 0.0,
    "sort-csr": false,
    "src": "invalid",
    "src-seed": -1,
    "srcs": 4294967295,
    "store-to-binary": true,
    "subqueue-latency": 0,
    "tag": [
        ""
    ],
    "threshold": 0.01,
    "trans-factor": 1.0,
    "undirected": false,
    "v": false,
    "validation": "last",
    "vertex-start-from-zero": true,
    "stddev-degree": 1.3366389274597169,
    "num-vertices": 1048576,
    "num-edges": 6291372,
    "process-times": 6.536006927490234,
    "filtered-process-times": [],
    "stddev-process-time": 0.0,
    "avg-process-time": -1.176e-321,
    "min-process-time": -1.176e-321,
    "max-process-time": -1.176e-321,
    "postprocess-time": 34.96384620666504,
    "total-time": 829.3898105621338,
    "avg-mteps": 1.6956e-320,
    "min-mteps": 1.6956e-320,
    "max-mteps": 1.6956e-320,
    "sysinfo": {
        "sysname": "Linux",
        "release": "4.9.0-11-amd64",
        "version": "#1 SMP Debian 4.9.189-3+deb9u1 (2019-09-20)",
        "machine": "x86_64",
        "nodename": "pldi20-gpu2-tf"
    },
    "gpuinfo": {
        "name": "Tesla V100-SXM2-16GB",
        "total_global_mem": 16914055168,
        "major": "7",
        "minor": "0",
        "clock_rate": 1530000,
        "multi_processor_count": 80,
        "driver_api": "10000",
        "driver_version": "10000",
        "runtime_version": "10000",
        "compute_version": "70"
    },
    "userinfo": {
        "login": "tzhao713"
    }
}