nvprof --metrics dram_read_throughput ./bin/test_pr_10.0_x86_64 market /home/tzhao713/pldi20/v100/grock/dataset/large/delaunay_n20/delaunay_n20.mtx --quick --iteration-num=1 --pull=1 --device=0 --jsondir=./eval/ubuntu14.04_K40cx1 > ./eval/ubuntu14.04_K40cx1/delaunay_n20.undir.unnormalized.nocompensate.32bit_Value.32bit_VertexId.DEF.txt
./bin/test_pr_10.0_x86_64: unrecognized option '--iteration-num=1'
==1409== NVPROF is profiling process 1409, command: ./bin/test_pr_10.0_x86_64 market /home/tzhao713/pldi20/v100/grock/dataset/large/delaunay_n20/delaunay_n20.mtx --quick --iteration-num=1 --pull=1 --device=0 --jsondir=./eval/ubuntu14.04_K40cx1
==1409== Profiling application: ./bin/test_pr_10.0_x86_64 market /home/tzhao713/pldi20/v100/grock/dataset/large/delaunay_n20/delaunay_n20.mtx --quick --iteration-num=1 --pull=1 --device=0 --jsondir=./eval/ubuntu14.04_K40cx1
==1409== Profiling result:
==1409== Metric result:
Invocations                               Metric Name                        Metric Description         Min         Max         Avg
Device "Tesla V100-SXM2-16GB (0)"
    Kernel: void cub::RadixSortScanBinsKernel<cub::DeviceRadixSortPolicy<double, unsigned int, unsigned int>::Policy700, unsigned int>(unsigned int*, int)
         10                      dram_read_throughput             Device Memory Read Throughput  6.2110GB/s  8.3086GB/s  7.4618GB/s
    Kernel: _ZN7gunrock5oprtr13ForAll_KernelINS_4util7Array1DIjjLj0ELj0EEEjZNS_3app2pr7ProblemINS5_9TestGraphIjjdLj1536ELj0EEEdLj0EE9DataSlice4InitERS9_jiijjEUlPjRKjE_EEvT_T1_T0_
          1                      dram_read_throughput             Device Memory Read Throughput  112.49MB/s  112.49MB/s  112.49MB/s
    Kernel: _ZN7gunrock5oprtr2BP6KernelILj1EjjjZNS_3app2pr15PRIterationLoopINS4_7EnactorINS4_7ProblemINS3_9TestGraphIjjdLj1536ELj0EEEdLj0EEELj0ELj0EEEE4CoreEiEUlRKjRjSE_SE_SE_SF_E_EEvbT2_PKT0_SH_PT1_NS_4util15CtaWorkProgressISH_EET3_
          6                      dram_read_throughput             Device Memory Read Throughput  465.16GB/s  488.30GB/s  478.48GB/s
    Kernel: _ZN7gunrock5oprtr14ForEach_KernelINS_4util7Array1DIjdLj0ELj0EEEjZNS_3app2pr7ProblemINS5_9TestGraphIjjdLj1536ELj0EEEdLj0EE9DataSlice5ResetEjEUlRdE_EEvT_T1_T0_
          1                      dram_read_throughput             Device Memory Read Throughput  143.06MB/s  143.06MB/s  143.06MB/s
    Kernel: _ZN7gunrock5oprtr2AE6KernelILj33554449ENS_5graph3CscIjjdLj512ELj0ELb1EEEjjZNS0_14neighborreduce6LaunchILj33554449ES5_NS_4util7Array1DIjjLj0ELj0EEESA_NS0_15OprtrParametersINS_3app9TestGraphIjjdLj1536ELj0EEENSC_8FrontierIjjLj0ELj0EEEjEEZNSC_2pr15PRIterationLoopINSI_7EnactorINSI_7ProblemISE_dLj0EEELj0ELj0EEEE4CoreEiEUlRKjRjSQ_SQ_SQ_SR_E0_ZNSO_4CoreEiEUlRKdSU_E_EE9cudaErrorRKT0_PT1_PT2_RT3_T4_T5_NS14_6ValueTEEUlSQ_SR_SQ_SQ_SQ_SR_E_EEvbNSX_7VertexTESX_S13_PNSX_6ValueTENS8_15CtaWorkProgressINSX_5SizeTEEES14_
          7                      dram_read_throughput             Device Memory Read Throughput  83.559GB/s  84.072GB/s  83.907GB/s
    Kernel: _ZN7gunrock4util6reduce17SegReduce_GKernelIddjZNS_3app2pr15PRIterationLoopINS4_7EnactorINS4_7ProblemINS3_9TestGraphIjjdLj1536ELj0EEEdLj0EEELj0ELj0EEEE4CoreEiEUlRKdSE_E_EEvPT_PT0_T1_PSK_T2_SI_SL_SL_
          7                      dram_read_throughput             Device Memory Read Throughput  50.960MB/s  267.58MB/s  84.150MB/s
    Kernel: _ZN7gunrock5oprtr13ForAll_KernelINS_4util7Array1DIjdLj0ELj0EEENS3_IjjLj0ELj0EEEjZNS_3app2pr7ProblemINS6_9TestGraphIjjdLj1536ELj0EEEdLj0EE9DataSlice5ResetEjEUlPdPjRKjE_EEvT_T0_T2_T1_
          1                      dram_read_throughput             Device Memory Read Throughput  167.53GB/s  167.53GB/s  167.53GB/s
    Kernel: _ZN7gunrock5oprtr13ForAll_KernelINS_4util7Array1DIjdLj0ELj0EEEjZNS0_14neighborreduce6LaunchILj33554449ENS_5graph3CscIjjdLj512ELj0ELb1EEENS3_IjjLj0ELj0EEESA_NS0_15OprtrParametersINS_3app9TestGraphIjjdLj1536ELj0EEENSC_8FrontierIjjLj0ELj0EEEjEEZNSC_2pr15PRIterationLoopINSI_7EnactorINSI_7ProblemISE_dLj0EEELj0ELj0EEEE4CoreEiEUlRKjRjSQ_SQ_SQ_SR_E0_ZNSO_4CoreEiEUlRKdSU_E_EE9cudaErrorRKT0_PT1_PT2_RT3_T4_T5_NS14_6ValueTEEUlPdSQ_E0_EEvT_S10_SX_
          7                      dram_read_throughput             Device Memory Read Throughput  330.44GB/s  340.99GB/s  336.91GB/s
    Kernel: _ZN7gunrock4util6reduce16SegReduce_KernelIddjZNS_3app2pr15PRIterationLoopINS4_7EnactorINS4_7ProblemINS3_9TestGraphIjjdLj1536ELj0EEEdLj0EEELj0ELj0EEEE4CoreEiEUlRKdSE_E_EEvPT_PT0_T1_PSK_T2_SI_SL_SL_
          7                      dram_read_throughput             Device Memory Read Throughput  380.29GB/s  383.74GB/s  382.29GB/s
    Kernel: _ZN7gunrock5oprtr13ForAll_KernelINS_4util7Array1DIjdLj0ELj0EEEjZNS2_15SegmentedReduceIddjZNS_3app2pr15PRIterationLoopINS7_7EnactorINS7_7ProblemINS6_9TestGraphIjjdLj1536ELj0EEEdLj0EEELj0ELj0EEEE4CoreEiEUlRKdSH_E_EE9cudaErrorRNS3_ImcLj0ELj0EEERNS3_IT1_T_Lj0ELj0EEERNS3_ISM_T0_Lj0ELj0EEESM_RNS3_ISM_SM_Lj0ELj0EEET2_SQ_P11CUstream_stbjEUlPdRKjE_EEvSN_SM_SQ_
          7                      dram_read_throughput             Device Memory Read Throughput  39.085MB/s  335.69MB/s  95.835MB/s
    Kernel: void cub::DeviceRadixSortUpsweepKernel<cub::DeviceRadixSortPolicy<double, unsigned int, unsigned int>::Policy700, bool=0, bool=1, double, unsigned int>(cub::DeviceRadixSortPolicy<double, unsigned int, unsigned int>::Policy700 const *, bool=0*, cub::DeviceRadixSortPolicy<double, unsigned int, unsigned int>::Policy700 const *, int, int, cub::GridEvenShare<cub::DeviceRadixSortPolicy<double, unsigned int, unsigned int>::Policy700 const *>)
          4                      dram_read_throughput             Device Memory Read Throughput  255.90GB/s  272.93GB/s  264.89GB/s
    Kernel: void cub::DeviceRadixSortUpsweepKernel<cub::DeviceRadixSortPolicy<double, unsigned int, unsigned int>::Policy700, bool=1, bool=1, double, unsigned int>(cub::DeviceRadixSortPolicy<double, unsigned int, unsigned int>::Policy700 const *, bool=1*, cub::DeviceRadixSortPolicy<double, unsigned int, unsigned int>::Policy700 const *, int, int, cub::GridEvenShare<cub::DeviceRadixSortPolicy<double, unsigned int, unsigned int>::Policy700 const *>)
          6                      dram_read_throughput             Device Memory Read Throughput  312.51GB/s  349.22GB/s  333.85GB/s
    Kernel: _ZN7gunrock5oprtr13ForAll_KernelINS_4util7Array1DIjjLj0ELj0EEEjZNS_3app2pr7ProblemINS5_9TestGraphIjjdLj1536ELj0EEEdLj0EE9DataSlice4InitERS9_jiijjEUlPjRKjE1_EEvT_T1_T0_
          1                      dram_read_throughput             Device Memory Read Throughput  74.100GB/s  74.100GB/s  74.100GB/s
    Kernel: void cub::DeviceRadixSortDownsweepKernel<cub::DeviceRadixSortPolicy<double, unsigned int, unsigned int>::Policy700, bool=0, bool=1, double, unsigned int, unsigned int>(cub::DeviceRadixSortPolicy<double, unsigned int, unsigned int>::Policy700 const *, cub::DeviceRadixSortDownsweepKernel<cub::DeviceRadixSortPolicy<double, unsigned int, unsigned int>::Policy700, bool=0, bool=1, double, unsigned int, unsigned int>*, bool=0 const *, cub::DeviceRadixSortDownsweepKernel<cub::DeviceRadixSortPolicy<double, unsigned int, unsigned int>::Policy700, bool=0, bool=1, double, unsigned int, unsigned int>**, bool=1*, cub::DeviceRadixSortDownsweepKernel<cub::DeviceRadixSortPolicy<double, unsigned int, unsigned int>::Policy700, bool=0, bool=1, double, unsigned int, unsigned int>**, int, int, cub::GridEvenShare<cub::DeviceRadixSortDownsweepKernel<cub::DeviceRadixSortPolicy<double, unsigned int, unsigned int>::Policy700, bool=0, bool=1, double, unsigned int, unsigned int>**>)
          4                      dram_read_throughput             Device Memory Read Throughput  91.193GB/s  308.41GB/s  124.07GB/s
    Kernel: _ZN7gunrock5oprtr14ForEach_KernelINS_4util7Array1DIjjLj0ELj0EEEjZNS_3app2pr7ProblemINS5_9TestGraphIjjdLj1536ELj0EEEdLj0EE9DataSlice4InitERS9_jiijjEUlRjE_EEvT_T1_T0_
          1                      dram_read_throughput             Device Memory Read Throughput  124.18MB/s  124.18MB/s  124.18MB/s
    Kernel: void cub::DeviceRadixSortDownsweepKernel<cub::DeviceRadixSortPolicy<double, unsigned int, unsigned int>::Policy700, bool=1, bool=1, double, unsigned int, unsigned int>(cub::DeviceRadixSortPolicy<double, unsigned int, unsigned int>::Policy700 const *, cub::DeviceRadixSortDownsweepKernel<cub::DeviceRadixSortPolicy<double, unsigned int, unsigned int>::Policy700, bool=1, bool=1, double, unsigned int, unsigned int>*, bool=1 const *, cub::DeviceRadixSortDownsweepKernel<cub::DeviceRadixSortPolicy<double, unsigned int, unsigned int>::Policy700, bool=1, bool=1, double, unsigned int, unsigned int>**, bool=1*, cub::DeviceRadixSortDownsweepKernel<cub::DeviceRadixSortPolicy<double, unsigned int, unsigned int>::Policy700, bool=1, bool=1, double, unsigned int, unsigned int>**, int, int, cub::GridEvenShare<cub::DeviceRadixSortDownsweepKernel<cub::DeviceRadixSortPolicy<double, unsigned int, unsigned int>::Policy700, bool=1, bool=1, double, unsigned int, unsigned int>**>)
          6                      dram_read_throughput             Device Memory Read Throughput  135.15GB/s  187.31GB/s  163.04GB/s
    Kernel: _ZN7gunrock5oprtr13ForAll_KernelINS_4util7Array1DIjjLj0ELj0EEEjZNS_3app2pr7EnactorINS6_7ProblemINS5_9TestGraphIjjdLj1536ELj0EEEdLj0EEELj0ELj0EE7ExtractEvEUlPjRKjE0_EEvT_T1_T0_
          1                      dram_read_throughput             Device Memory Read Throughput  400.61GB/s  400.61GB/s  400.61GB/s
    Kernel: _ZN7gunrock5oprtr13ForAll_KernelINS_4util7Array1DIjjLj0ELj0EEEjZNS_3app2pr7EnactorINS6_7ProblemINS5_9TestGraphIjjdLj1536ELj0EEEdLj0EEELj0ELj0EE7ExtractEvEUlPjRKjE1_EEvT_T1_T0_
          1                      dram_read_throughput             Device Memory Read Throughput  179.79MB/s  179.79MB/s  179.79MB/s
    Kernel: _ZN7gunrock5oprtr13ForAll_KernelINS_4util7Array1DIjjLj0ELj0EEEjZNS_3app2pr7EnactorINS6_7ProblemINS5_9TestGraphIjjdLj1536ELj0EEEdLj0EEELj0ELj0EE7ExtractEvEUlPjRKjE2_EEvT_T1_T0_
          1                      dram_read_throughput             Device Memory Read Throughput  294.66GB/s  294.66GB/s  294.66GB/s
