==1480== NVPROF is profiling process 1480, command: ./cuspmv
==1480== Profiling application: ./cuspmv
==1480== Profiling result:
            Type  Time(%)      Time     Calls       Avg       Min       Max  Name
 GPU activities:   83.91%  71.616us         4  17.904us  6.0160us  35.808us  [CUDA memcpy HtoD]
                    8.77%  7.4880us         1  7.4880us  7.4880us  7.4880us  [CUDA memcpy DtoH]
                    7.31%  6.2400us         1  6.2400us  6.2400us  6.2400us  void csrMv_kernel<double, double, double, int=128, int=1, int=2>(cusparseCsrMvParams<double, double, double>)
      API calls:   63.85%  864.94ms         4  216.23ms     603ns  864.93ms  cudaEventCreate
                   35.96%  487.13ms         6  81.188ms  9.7530us  486.77ms  cudaFree
                    0.07%  929.69us         5  185.94us  8.9190us  364.95us  cudaMalloc
                    0.06%  818.84us       189  4.3320us     146ns  252.39us  cuDeviceGetAttribute
                    0.03%  339.24us         2  169.62us  153.77us  185.47us  cuDeviceTotalMem
                    0.02%  321.18us         5  64.236us  32.376us  120.23us  cudaMemcpy
                    0.00%  56.277us         2  28.138us  19.284us  36.993us  cuDeviceGetName
                    0.00%  53.943us         1  53.943us  53.943us  53.943us  cudaLaunchKernel
                    0.00%  39.972us         1  39.972us  39.972us  39.972us  cudaStreamCreate
                    0.00%  24.360us         4  6.0900us  2.4120us  14.034us  cudaEventRecord
                    0.00%  12.593us         4  3.1480us  1.6480us  5.5190us  cudaEventElapsedTime
                    0.00%  9.3410us         1  9.3410us  9.3410us  9.3410us  cudaBindTexture
                    0.00%  6.0970us        10     609ns     310ns  2.0960us  cudaDeviceGetAttribute
                    0.00%  3.3970us         1  3.3970us  3.3970us  3.3970us  cuInit
                    0.00%  3.1020us         1  3.1020us  3.1020us  3.1020us  cuDeviceGetPCIBusId
                    0.00%  2.4480us         4     612ns     160ns  1.5960us  cuDeviceGetCount
                    0.00%  2.1740us         1  2.1740us  2.1740us  2.1740us  cudaGetDevice
                    0.00%  1.7480us         3     582ns     189ns  1.2830us  cuDeviceGet
                    0.00%  1.2430us         1  1.2430us  1.2430us  1.2430us  cudaUnbindTexture
                    0.00%  1.2390us         1  1.2390us  1.2390us  1.2390us  cuDriverGetVersion
                    0.00%  1.0210us         2     510ns     257ns     764ns  cudaGetLastError
                    0.00%     521ns         2     260ns     254ns     267ns  cuDeviceGetUuid
